This is pdfTeX, Version 3.141592653-2.6-1.40.24 (TeX Live 2022/CVE-2023-32700 patched) (preloaded format=pdflatex 2024.2.5)  12 FEB 2024 11:31
entering extended mode
 restricted \write18 enabled.
 %&-line parsing enabled.
**content/posts/ricenotes.md
(./content/posts/ricenotes.md
LaTeX2e <2022-06-01> patch level 5
L3 programming layer <2022-12-17>

! LaTeX Error: Missing \begin{document}.

See the LaTeX manual or LaTeX Companion for explanation.
Type  H <return>  for immediate help.
 ...                                              
                                                  
l.1 -
     --
? X
 
Here is how much of TeX's memory you used:
 19 strings out of 476182
 590 string characters out of 5796582
 1848793 words of memory out of 6000000
 20425 multiletter control sequences out of 15000+600000
 512287 words of font info for 32 fonts, out of 8000000 for 9000
 1137 hyphenation exceptions out of 8191
 13i,0n,12p,62b,14s stack positions out of 10000i,1000n,20000p,200000b,200000s
No pages of output.
PDF statistics:
 0 PDF objects out of 1000 (max. 8388607)
 0 named destinations out of 1000 (max. 500000)
 1 words of extra memory for PDF output out of 10000 (max. 10000000)

