This is pdfTeX, Version 3.141592653-2.6-1.40.24 (TeX Live 2022/CVE-2023-32700 patched) (preloaded format=pdflatex 2023.11.22)  18 JAN 2024 10:28
entering extended mode
 restricted \write18 enabled.
 %&-line parsing enabled.
**ahsansabit.sty
(./ahsansabit.sty
LaTeX2e <2022-06-01> patch level 5
L3 programming layer <2022-12-17>

LaTeX Warning: You have requested package `',
               but the package provides `ahsansabit'.

Package: ahsansabit 

! LaTeX Error: \usepackage before \documentclass.

See the LaTeX manual or LaTeX Companion for explanation.
Type  H <return>  for immediate help.
 ...                                              
                                                  
l.5 \usepackage[margin = 2cm]{
                              geometry}
? ^^[
Type <return> to proceed, S to scroll future error messages,
R to run without stopping, Q to run quietly,
I to insert something, E to edit your file,
1 or ... or 9 to ignore the next 1 to 9 tokens of input,
H for help, X to quit.
? X
 
Here is how much of TeX's memory you used:
 20 strings out of 476182
 573 string characters out of 5796580
 1848793 words of memory out of 6000000
 20427 multiletter control sequences out of 15000+600000
 512287 words of font info for 32 fonts, out of 8000000 for 9000
 1137 hyphenation exceptions out of 8191
 13i,0n,12p,70b,14s stack positions out of 10000i,1000n,20000p,200000b,200000s
No pages of output.
PDF statistics:
 0 PDF objects out of 1000 (max. 8388607)
 0 named destinations out of 1000 (max. 500000)
 1 words of extra memory for PDF output out of 10000 (max. 10000000)

